<?xml version="1.0" encoding="UTF-8"?>
<!-- Generated by org.testng.reporters.JUnitXMLReporter -->
<testsuite ignored="0" hostname="Annas-MacBook-Pro.local" failures="0" tests="8" name="Command line test" time="0.286" errors="0" timestamp="2022-04-25T14:37:06 PDT">
  <testcase classname="UtilsTest" name="testScreenShot" time="0.269"/>
  <testcase classname="UtilsTest" name="testStrToArray1" time="0.003"/>
  <testcase classname="UtilsTest" name="testStrToArray2" time="0.0"/>
  <testcase classname="UtilsTest" name="testStrToArray3" time="0.0"/>
  <testcase classname="TestClass" name="testBetterThanAverage1" time="0.0"/>
  <testcase classname="TestClass" name="testBetterThanAverage2" time="0.0"/>
  <testcase classname="TestClass" name="testBetterThanAverage3" time="0.0"/>
  <testcase classname="TestClass" name="testBetterThanAverage4" time="0.0"/>
</testsuite> <!-- Command line test -->
