<?xml version="1.0" encoding="UTF-8"?>
<testng-results ignored="0" total="8" passed="8" failed="0" skipped="0">
  <reporter-output>
  </reporter-output>
  <suite started-at="2022-04-25T14:37:06 PDT" name="Command line suite" finished-at="2022-04-25T14:37:06 PDT" duration-ms="286">
    <groups>
    </groups>
    <test started-at="2022-04-25T14:37:06 PDT" name="Command line test" finished-at="2022-04-25T14:37:06 PDT" duration-ms="286">
      <class name="UtilsTest">
        <test-method signature="testScreenShot()[pri:0, instance:UtilsTest@76a3e297]" started-at="2022-04-25T14:37:06 PDT" name="testScreenShot" finished-at="2022-04-25T14:37:06 PDT" duration-ms="269" status="PASS">
          <reporter-output>
          </reporter-output>
        </test-method> <!-- testScreenShot -->
        <test-method signature="testStrToArray1()[pri:0, instance:UtilsTest@76a3e297]" started-at="2022-04-25T14:37:06 PDT" name="testStrToArray1" finished-at="2022-04-25T14:37:06 PDT" duration-ms="3" status="PASS">
          <reporter-output>
          </reporter-output>
        </test-method> <!-- testStrToArray1 -->
        <test-method signature="testStrToArray2()[pri:0, instance:UtilsTest@76a3e297]" started-at="2022-04-25T14:37:06 PDT" name="testStrToArray2" finished-at="2022-04-25T14:37:06 PDT" duration-ms="0" status="PASS">
          <reporter-output>
          </reporter-output>
        </test-method> <!-- testStrToArray2 -->
        <test-method signature="testStrToArray3()[pri:0, instance:UtilsTest@76a3e297]" started-at="2022-04-25T14:37:06 PDT" name="testStrToArray3" finished-at="2022-04-25T14:37:06 PDT" duration-ms="0" status="PASS">
          <reporter-output>
          </reporter-output>
        </test-method> <!-- testStrToArray3 -->
      </class> <!-- UtilsTest -->
      <class name="TestClass">
        <test-method signature="testBetterThanAverage1()[pri:0, instance:TestClass@e720b71]" started-at="2022-04-25T14:37:06 PDT" name="testBetterThanAverage1" finished-at="2022-04-25T14:37:06 PDT" duration-ms="0" status="PASS">
          <reporter-output>
          </reporter-output>
        </test-method> <!-- testBetterThanAverage1 -->
        <test-method signature="testBetterThanAverage2()[pri:0, instance:TestClass@e720b71]" started-at="2022-04-25T14:37:06 PDT" name="testBetterThanAverage2" finished-at="2022-04-25T14:37:06 PDT" duration-ms="0" status="PASS">
          <reporter-output>
          </reporter-output>
        </test-method> <!-- testBetterThanAverage2 -->
        <test-method signature="testBetterThanAverage3()[pri:0, instance:TestClass@e720b71]" started-at="2022-04-25T14:37:06 PDT" name="testBetterThanAverage3" finished-at="2022-04-25T14:37:06 PDT" duration-ms="0" status="PASS">
          <reporter-output>
          </reporter-output>
        </test-method> <!-- testBetterThanAverage3 -->
        <test-method signature="testBetterThanAverage4()[pri:0, instance:TestClass@e720b71]" started-at="2022-04-25T14:37:06 PDT" name="testBetterThanAverage4" finished-at="2022-04-25T14:37:06 PDT" duration-ms="0" status="PASS">
          <reporter-output>
          </reporter-output>
        </test-method> <!-- testBetterThanAverage4 -->
      </class> <!-- TestClass -->
    </test> <!-- Command line test -->
  </suite> <!-- Command line suite -->
</testng-results>
